<?xml version="1.0" encoding="utf-8"?>
<coverage line-rate="0.4305" branch-rate="0.5964" version="1.9" timestamp="1777235927" lines-covered="341" lines-valid="792" branches-covered="68" branches-valid="114">
  <sources>
    <source>/home/runner/work/HardwareStore/HardwareStore/src/</source>
  </sources>
  <packages>
    <package name="HardwareStore.Infrastructure" line-rate="0.35509999999999997" branch-rate="0.5818" complexity="180">
      <classes>
        <class name="HardwareStore.Infrastructure.DependencyInjection" filename="HardwareStore.Infrastructure/DependencyInjection.cs" line-rate="0" branch-rate="1" complexity="1">
          <methods>
            <method name="AddInfrastructure" signature="(Microsoft.Extensions.DependencyInjection.IServiceCollection)" line-rate="0" branch-rate="1" complexity="1">
              <lines>
                <line number="13" hits="0" branch="False" />
                <line number="15" hits="0" branch="False" />
                <line number="18" hits="0" branch="False" />
                <line number="19" hits="0" branch="False" />
                <line number="20" hits="0" branch="False" />
                <line number="21" hits="0" branch="False" />
                <line number="24" hits="0" branch="False" />
                <line number="25" hits="0" branch="False" />
                <line number="26" hits="0" branch="False" />
                <line number="27" hits="0" branch="False" />
                <line number="30" hits="0" branch="False" />
                <line number="31" hits="0" branch="False" />
                <line number="34" hits="0" branch="False" />
                <line number="37" hits="0" branch="False" />
                <line number="38" hits="0" branch="False" />
                <line number="39" hits="0" branch="False" />
                <line number="41" hits="0" branch="False" />
                <line number="42" hits="0" branch="False" />
              </lines>
            </method>
          </methods>
          <lines>
            <line number="13" hits="0" branch="False" />
            <line number="15" hits="0" branch="False" />
            <line number="18" hits="0" branch="False" />
            <line number="19" hits="0" branch="False" />
            <line number="20" hits="0" branch="False" />
            <line number="21" hits="0" branch="False" />
            <line number="24" hits="0" branch="False" />
            <line number="25" hits="0" branch="False" />
            <line number="26" hits="0" branch="False" />
            <line number="27" hits="0" branch="False" />
            <line number="30" hits="0" branch="False" />
            <line number="31" hits="0" branch="False" />
            <line number="34" hits="0" branch="False" />
            <line number="37" hits="0" branch="False" />
            <line number="38" hits="0" branch="False" />
            <line number="39" hits="0" branch="False" />
            <line number="41" hits="0" branch="False" />
            <line number="42" hits="0" branch="False" />
          </lines>
        </class>
        <class name="HardwareStore.Infrastructure.Services.EmailSettings" filename="HardwareStore.Infrastructure/Services/EmailService.cs" line-rate="0" branch-rate="1" complexity="8">
          <methods>
            <method name="get_SmtpHost" signature="()" line-rate="0" branch-rate="1" complexity="1">
              <lines>
                <line number="8" hits="0" branch="False" />
              </lines>
            </method>
            <method name="get_SmtpPort" signature="()" line-rate="0" branch-rate="1" complexity="1">
              <lines>
                <line number="9" hits="0" branch="False" />
              </lines>
            </method>
            <method name="get_SmtpUser" signature="()" line-rate="0" branch-rate="1" complexity="1">
              <lines>
                <line number="10" hits="0" branch="False" />
              </lines>
            </method>
            <method name="get_SmtpPassword" signature="()" line-rate="0" branch-rate="1" complexity="1">
              <lines>
                <line number="11" hits="0" branch="False" />
              </lines>
            </method>
            <method name="get_FromEmail" signature="()" line-rate="0" branch-rate="1" complexity="1">
              <lines>
                <line number="12" hits="0" branch="False" />
              </lines>
            </method>
            <method name="get_FromName" signature="()" line-rate="0" branch-rate="1" complexity="1">
              <lines>
                <line number="13" hits="0" branch="False" />
              </lines>
            </method>
            <method name="get_AdminEmail" signature="()" line-rate="0" branch-rate="1" complexity="1">
              <lines>
                <line number="14" hits="0" branch="False" />
              </lines>
            </method>
            <method name="get_EnableSsl" signature="()" line-rate="0" branch-rate="1" complexity="1">
              <lines>
                <line number="15" hits="0" branch="False" />
              </lines>
            </method>
          </methods>
          <lines>
            <line number="8" hits="0" branch="False" />
            <line number="9" hits="0" branch="False" />
            <line number="10" hits="0" branch="False" />
            <line number="11" hits="0" branch="False" />
            <line number="12" hits="0" branch="False" />
            <line number="13" hits="0" branch="False" />
            <line number="14" hits="0" branch="False" />
            <line number="15" hits="0" branch="False" />
          </lines>
        </class>
        <class name="HardwareStore.Infrastructure.Services.EmailService" filename="HardwareStore.Infrastructure/Services/EmailService.cs" line-rate="0" branch-rate="1" complexity="1">
          <methods>
            <method name=".ctor" signature="(Microsoft.Extensions.Options.IOptions`1&lt;HardwareStore.Infrastructure.Services.EmailSettings&gt;)" line-rate="0" branch-rate="1" complexity="1">
              <lines>
                <line number="22" hits="0" branch="False" />
                <line number="23" hits="0" branch="False" />
                <line number="24" hits="0" branch="False" />
                <line number="25" hits="0" branch="False" />
              </lines>
            </method>
          </methods>
          <lines>
            <line number="22" hits="0" branch="False" />
            <line number="23" hits="0" branch="False" />
            <line number="24" hits="0" branch="False" />
            <line number="25" hits="0" branch="False" />
          </lines>
        </class>
        <class name="HardwareStore.Infrastructure.Services.EmailService/&lt;SendApprovalNotificationAsync&gt;d__3" filename="HardwareStore.Infrastructure/Services/EmailService.cs" line-rate="0" branch-rate="1" complexity="1">
          <methods>
            <method name="MoveNext" signature="()" line-rate="0" branch-rate="1" complexity="1">
              <lines>
                <line number="48" hits="0" branch="False" />
                <line number="49" hits="0" branch="False" />
                <line number="50" hits="0" branch="False" />
                <line number="51" hits="0" branch="False" />
                <line number="52" hits="0" branch="False" />
                <line number="53" hits="0" branch="False" />
                <line number="54" hits="0" branch="False" />
                <line number="55" hits="0" branch="False" />
                <line number="56" hits="0" branch="False" />
                <line number="57" hits="0" branch="False" />
                <line number="58" hits="0" branch="False" />
                <line number="59" hits="0" branch="False" />
                <line number="60" hits="0" branch="False" />
                <line number="61" hits="0" branch="False" />
              </lines>
            </method>
          </methods>
          <lines>
            <line number="48" hits="0" branch="False" />
            <line number="49" hits="0" branch="False" />
            <line number="50" hits="0" branch="False" />
            <line number="51" hits="0" branch="False" />
            <line number="52" hits="0" branch="False" />
            <line number="53" hits="0" branch="False" />
            <line number="54" hits="0" branch="False" />
            <line number="55" hits="0" branch="False" />
            <line number="56" hits="0" branch="False" />
            <line number="57" hits="0" branch="False" />
            <line number="58" hits="0" branch="False" />
            <line number="59" hits="0" branch="False" />
            <line number="60" hits="0" branch="False" />
            <line number="61" hits="0" branch="False" />
          </lines>
        </class>
        <class name="HardwareStore.Infrastructure.Services.EmailService/&lt;SendAsync&gt;d__5" filename="HardwareStore.Infrastructure/Services/EmailService.cs" line-rate="0" branch-rate="0" complexity="6">
          <methods>
            <method name="MoveNext" signature="()" line-rate="0" branch-rate="0" complexity="6">
              <lines>
                <line number="80" hits="0" branch="False" />
                <line number="81" hits="0" branch="True" condition-coverage="0% (0/2)">
                  <conditions>
                    <condition number="39" type="jump" coverage="0%" />
                  </conditions>
                </line>
                <line number="83" hits="0" branch="False" />
                <line number="84" hits="0" branch="True" condition-coverage="0% (0/2)">
                  <conditions>
                    <condition number="119" type="jump" coverage="0%" />
                  </conditions>
                </line>
                <line number="85" hits="0" branch="False" />
                <line number="86" hits="0" branch="False" />
                <line number="87" hits="0" branch="False" />
                <line number="88" hits="0" branch="True" condition-coverage="0% (0/2)">
                  <conditions>
                    <condition number="307" type="jump" coverage="0%" />
                  </conditions>
                </line>
                <line number="89" hits="0" branch="False" />
                <line number="90" hits="0" branch="False" />
                <line number="91" hits="0" branch="False" />
                <line number="92" hits="0" branch="False" />
              </lines>
            </method>
          </methods>
          <lines>
            <line number="80" hits="0" branch="False" />
            <line number="81" hits="0" branch="True" condition-coverage="0% (0/2)">
              <conditions>
                <condition number="39" type="jump" coverage="0%" />
              </conditions>
            </line>
            <line number="83" hits="0" branch="False" />
            <line number="84" hits="0" branch="True" condition-coverage="0% (0/2)">
              <conditions>
                <condition number="119" type="jump" coverage="0%" />
              </conditions>
            </line>
            <line number="85" hits="0" branch="False" />
            <line number="86" hits="0" branch="False" />
            <line number="87" hits="0" branch="False" />
            <line number="88" hits="0" branch="True" condition-coverage="0% (0/2)">
              <conditions>
                <condition number="307" type="jump" coverage="0%" />
              </conditions>
            </line>
            <line number="89" hits="0" branch="False" />
            <line number="90" hits="0" branch="False" />
            <line number="91" hits="0" branch="False" />
            <line number="92" hits="0" branch="False" />
          </lines>
        </class>
        <class name="HardwareStore.Infrastructure.Services.EmailService/&lt;SendRejectionNotificationAsync&gt;d__4" filename="HardwareStore.Infrastructure/Services/EmailService.cs" line-rate="0" branch-rate="1" complexity="1">
          <methods>
            <method name="MoveNext" signature="()" line-rate="0" branch-rate="1" complexity="1">
              <lines>
                <line number="64" hits="0" branch="False" />
                <line number="65" hits="0" branch="False" />
                <line number="66" hits="0" branch="False" />
                <line number="67" hits="0" branch="False" />
                <line number="68" hits="0" branch="False" />
                <line number="69" hits="0" branch="False" />
                <line number="70" hits="0" branch="False" />
                <line number="71" hits="0" branch="False" />
                <line number="72" hits="0" branch="False" />
                <line number="73" hits="0" branch="False" />
                <line number="74" hits="0" branch="False" />
                <line number="75" hits="0" branch="False" />
                <line number="76" hits="0" branch="False" />
                <line number="77" hits="0" branch="False" />
              </lines>
            </method>
          </methods>
          <lines>
            <line number="64" hits="0" branch="False" />
            <line number="65" hits="0" branch="False" />
            <line number="66" hits="0" branch="False" />
            <line number="67" hits="0" branch="False" />
            <line number="68" hits="0" branch="False" />
            <line number="69" hits="0" branch="False" />
            <line number="70" hits="0" branch="False" />
            <line number="71" hits="0" branch="False" />
            <line number="72" hits="0" branch="False" />
            <line number="73" hits="0" branch="False" />
            <line number="74" hits="0" branch="False" />
            <line number="75" hits="0" branch="False" />
            <line number="76" hits="0" branch="False" />
            <line number="77" hits="0" branch="False" />
          </lines>
        </class>
        <class name="HardwareStore.Infrastructure.Services.EmailService/&lt;SendSignupNotificationAsync&gt;d__2" filename="HardwareStore.Infrastructure/Services/EmailService.cs" line-rate="0" branch-rate="1" complexity="1">
          <methods>
            <method name="MoveNext" signature="()" line-rate="0" branch-rate="1" complexity="1">
              <lines>
                <line number="28" hits="0" branch="False" />
                <line number="29" hits="0" branch="False" />
                <line number="30" hits="0" branch="False" />
                <line number="31" hits="0" branch="False" />
                <line number="32" hits="0" branch="False" />
                <line number="33" hits="0" branch="False" />
                <line number="34" hits="0" branch="False" />
                <line number="35" hits="0" branch="False" />
                <line number="36" hits="0" branch="False" />
                <line number="37" hits="0" branch="False" />
                <line number="38" hits="0" branch="False" />
                <line number="39" hits="0" branch="False" />
                <line number="40" hits="0" branch="False" />
                <line number="41" hits="0" branch="False" />
                <line number="42" hits="0" branch="False" />
                <line number="43" hits="0" branch="False" />
                <line number="44" hits="0" branch="False" />
                <line number="45" hits="0" branch="False" />
              </lines>
            </method>
          </methods>
          <lines>
            <line number="28" hits="0" branch="False" />
            <line number="29" hits="0" branch="False" />
            <line number="30" hits="0" branch="False" />
            <line number="31" hits="0" branch="False" />
            <line number="32" hits="0" branch="False" />
            <line number="33" hits="0" branch="False" />
            <line number="34" hits="0" branch="False" />
            <line number="35" hits="0" branch="False" />
            <line number="36" hits="0" branch="False" />
            <line number="37" hits="0" branch="False" />
            <line number="38" hits="0" branch="False" />
            <line number="39" hits="0" branch="False" />
            <line number="40" hits="0" branch="False" />
            <line number="41" hits="0" branch="False" />
            <line number="42" hits="0" branch="False" />
            <line number="43" hits="0" branch="False" />
            <line number="44" hits="0" branch="False" />
            <line number="45" hits="0" branch="False" />
          </lines>
        </class>
        <class name="HardwareStore.Infrastructure.Services.NaturalLanguageSettings" filename="HardwareStore.Infrastructure/Services/NaturalLanguageService.cs" line-rate="1" branch-rate="1" complexity="3">
          <methods>
            <method name="get_OpenAiApiKey" signature="()" line-rate="1" branch-rate="1" complexity="1">
              <lines>
                <line number="10" hits="31" branch="False" />
              </lines>
            </method>
            <method name="get_OpenAiEndpoint" signature="()" line-rate="1" branch-rate="1" complexity="1">
              <lines>
                <line number="11" hits="20" branch="False" />
              </lines>
            </method>
            <method name="get_ModelName" signature="()" line-rate="1" branch-rate="1" complexity="1">
              <lines>
                <line number="12" hits="19" branch="False" />
              </lines>
            </method>
          </methods>
          <lines>
            <line number="10" hits="31" branch="False" />
            <line number="11" hits="20" branch="False" />
            <line number="12" hits="19" branch="False" />
          </lines>
        </class>
        <class name="HardwareStore.Infrastructure.Services.NaturalLanguageService" filename="HardwareStore.Infrastructure/Services/NaturalLanguageService.cs" line-rate="0.9642000000000001" branch-rate="0.6457999999999999" complexity="52">
          <methods>
            <method name="ContainsPromptInjection" signature="(System.String)" line-rate="1" branch-rate="1" complexity="1">
              <lines>
                <line number="36" hits="16" branch="False" />
                <line number="37" hits="16" branch="False" />
                <line number="38" hits="161" branch="False" />
                <line number="39" hits="16" branch="False" />
              </lines>
            </method>
            <method name="SanitizeInput" signature="(System.String)" line-rate="1" branch-rate="1" complexity="2">
              <lines>
                <line number="42" hits="6" branch="False" />
                <line number="43" hits="6" branch="False" />
                <line number="44" hits="7" branch="True" condition-coverage="100% (2/2)">
                  <conditions>
                    <condition number="34" type="jump" coverage="100%" />
                  </conditions>
                </line>
                <line number="45" hits="6" branch="False" />
                <line number="46" hits="6" branch="False" />
              </lines>
            </method>
            <method name="ParseJsonResponse" signature="(System.String,System.String)" line-rate="0.9387000000000001" branch-rate="0.6304" complexity="46">
              <lines>
                <line number="110" hits="2" branch="False" />
                <line number="112" hits="2" branch="False" />
                <line number="113" hits="2" branch="False" />
                <line number="114" hits="2" branch="False" />
                <line number="115" hits="3" branch="True" condition-coverage="100% (4/4)">
                  <conditions>
                    <condition number="22" type="jump" coverage="100%" />
                    <condition number="35" type="jump" coverage="100%" />
                  </conditions>
                </line>
                <line number="117" hits="1" branch="False" />
                <line number="118" hits="1" branch="False" />
                <line number="120" hits="1" branch="True" condition-coverage="50% (2/4)">
                  <conditions>
                    <condition number="113" type="jump" coverage="50%" />
                    <condition number="126" type="jump" coverage="50%" />
                  </conditions>
                </line>
                <line number="121" hits="1" branch="False" />
                <line number="122" hits="1" branch="False" />
                <line number="123" hits="1" branch="False" />
                <line number="124" hits="1" branch="False" />
                <line number="126" hits="1" branch="True" condition-coverage="100% (2/2)">
                  <conditions>
                    <condition number="164" type="jump" coverage="100%" />
                  </conditions>
                </line>
                <line number="127" hits="1" branch="False" />
                <line number="128" hits="5" branch="True" condition-coverage="100% (2/2)">
                  <conditions>
                    <condition number="476" type="jump" coverage="100%" />
                  </conditions>
                </line>
                <line number="129" hits="1" branch="False" />
                <line number="130" hits="1" branch="True" condition-coverage="50% (8/16)">
                  <conditions>
                    <condition number="231" type="jump" coverage="50%" />
                    <condition number="248" type="jump" coverage="50%" />
                    <condition number="277" type="jump" coverage="50%" />
                    <condition number="294" type="jump" coverage="50%" />
                    <condition number="323" type="jump" coverage="50%" />
                    <condition number="356" type="jump" coverage="50%" />
                    <condition number="389" type="jump" coverage="50%" />
                    <condition number="436" type="jump" coverage="50%" />
                  </conditions>
                </line>
                <line number="131" hits="1" branch="False" />
                <line number="132" hits="1" branch="False" />
                <line number="133" hits="1" branch="False" />
                <line number="134" hits="1" branch="False" />
                <line number="135" hits="1" branch="False" />
                <line number="136" hits="1" branch="False" />
                <line number="137" hits="1" branch="False" />
                <line number="138" hits="1" branch="False" />
                <line number="139" hits="1" branch="False" />
                <line number="140" hits="1" branch="False" />
                <line number="141" hits="1" branch="False" />
                <line number="143" hits="1" branch="True" condition-coverage="100% (2/2)">
                  <conditions>
                    <condition number="525" type="jump" coverage="100%" />
                  </conditions>
                </line>
                <line number="144" hits="1" branch="False" />
                <line number="145" hits="5" branch="True" condition-coverage="100% (2/2)">
                  <conditions>
                    <condition number="812" type="jump" coverage="100%" />
                  </conditions>
                </line>
                <line number="146" hits="1" branch="False" />
                <line number="147" hits="1" branch="True" condition-coverage="50% (7/14)">
                  <conditions>
                    <condition number="592" type="jump" coverage="50%" />
                    <condition number="609" type="jump" coverage="50%" />
                    <condition number="638" type="jump" coverage="50%" />
                    <condition number="655" type="jump" coverage="50%" />
                    <condition number="684" type="jump" coverage="50%" />
                    <condition number="717" type="jump" coverage="50%" />
                    <condition number="750" type="jump" coverage="50%" />
                  </conditions>
                </line>
                <line number="148" hits="1" branch="False" />
                <line number="149" hits="1" branch="False" />
                <line number="150" hits="1" branch="False" />
                <line number="151" hits="1" branch="False" />
                <line number="152" hits="1" branch="False" />
                <line number="153" hits="1" branch="False" />
                <line number="154" hits="1" branch="False" />
                <line number="155" hits="1" branch="False" />
                <line number="156" hits="1" branch="False" />
                <line number="157" hits="1" branch="False" />
                <line number="158" hits="1" branch="False" />
                <line number="160" hits="1" branch="False" />
                <line number="162" hits="0" branch="False" />
                <line number="163" hits="0" branch="False" />
                <line number="164" hits="0" branch="False" />
                <line number="166" hits="2" branch="False" />
              </lines>
            </method>
            <method name="ParseQueryLocally" signature="(System.String)" line-rate="1" branch-rate="1" complexity="1">
              <lines>
                <line number="169" hits="5" branch="False" />
                <line number="170" hits="5" branch="False" />
                <line number="171" hits="5" branch="False" />
                <line number="172" hits="5" branch="False" />
                <line number="173" hits="5" branch="False" />
                <line number="174" hits="5" branch="False" />
                <line number="175" hits="5" branch="False" />
                <line number="176" hits="5" branch="False" />
                <line number="177" hits="5" branch="False" />
                <line number="178" hits="5" branch="False" />
                <line number="179" hits="5" branch="False" />
                <line number="180" hits="5" branch="False" />
                <line number="181" hits="5" branch="False" />
              </lines>
            </method>
            <method name=".ctor" signature="(Microsoft.Extensions.Options.IOptions`1&lt;HardwareStore.Infrastructure.Services.NaturalLanguageSettings&gt;,System.Net.Http.IHttpClientFactory)" line-rate="1" branch-rate="1" complexity="1">
              <lines>
                <line number="27" hits="16" branch="False" />
                <line number="28" hits="16" branch="False" />
                <line number="29" hits="16" branch="False" />
                <line number="30" hits="16" branch="False" />
                <line number="31" hits="16" branch="False" />
                <line number="32" hits="16" branch="False" />
                <line number="33" hits="16" branch="False" />
              </lines>
            </method>
            <method name=".cctor" signature="()" line-rate="1" branch-rate="1" complexity="1">
              <lines>
                <line number="20" hits="1" branch="False" />
                <line number="21" hits="1" branch="False" />
                <line number="22" hits="1" branch="False" />
                <line number="23" hits="1" branch="False" />
                <line number="24" hits="1" branch="False" />
                <line number="25" hits="1" branch="False" />
              </lines>
            </method>
          </methods>
          <lines>
            <line number="36" hits="16" branch="False" />
            <line number="37" hits="16" branch="False" />
            <line number="38" hits="161" branch="False" />
            <line number="39" hits="16" branch="False" />
            <line number="42" hits="6" branch="False" />
            <line number="43" hits="6" branch="False" />
            <line number="44" hits="7" branch="True" condition-coverage="100% (2/2)">
              <conditions>
                <condition number="34" type="jump" coverage="100%" />
              </conditions>
            </line>
            <line number="45" hits="6" branch="False" />
            <line number="46" hits="6" branch="False" />
            <line number="110" hits="2" branch="False" />
            <line number="112" hits="2" branch="False" />
            <line number="113" hits="2" branch="False" />
            <line number="114" hits="2" branch="False" />
            <line number="115" hits="3" branch="True" condition-coverage="100% (4/4)">
              <conditions>
                <condition number="22" type="jump" coverage="100%" />
                <condition number="35" type="jump" coverage="100%" />
              </conditions>
            </line>
            <line number="117" hits="1" branch="False" />
            <line number="118" hits="1" branch="False" />
            <line number="120" hits="1" branch="True" condition-coverage="50% (2/4)">
              <conditions>
                <condition number="113" type="jump" coverage="50%" />
                <condition number="126" type="jump" coverage="50%" />
              </conditions>
            </line>
            <line number="121" hits="1" branch="False" />
            <line number="122" hits="1" branch="False" />
            <line number="123" hits="1" branch="False" />
            <line number="124" hits="1" branch="False" />
            <line number="126" hits="1" branch="True" condition-coverage="100% (2/2)">
              <conditions>
                <condition number="164" type="jump" coverage="100%" />
              </conditions>
            </line>
            <line number="127" hits="1" branch="False" />
            <line number="128" hits="5" branch="True" condition-coverage="100% (2/2)">
              <conditions>
                <condition number="476" type="jump" coverage="100%" />
              </conditions>
            </line>
            <line number="129" hits="1" branch="False" />
            <line number="130" hits="1" branch="True" condition-coverage="50% (8/16)">
              <conditions>
                <condition number="231" type="jump" coverage="50%" />
                <condition number="248" type="jump" coverage="50%" />
                <condition number="277" type="jump" coverage="50%" />
                <condition number="294" type="jump" coverage="50%" />
                <condition number="323" type="jump" coverage="50%" />
                <condition number="356" type="jump" coverage="50%" />
                <condition number="389" type="jump" coverage="50%" />
                <condition number="436" type="jump" coverage="50%" />
              </conditions>
            </line>
            <line number="131" hits="1" branch="False" />
            <line number="132" hits="1" branch="False" />
            <line number="133" hits="1" branch="False" />
            <line number="134" hits="1" branch="False" />
            <line number="135" hits="1" branch="False" />
            <line number="136" hits="1" branch="False" />
            <line number="137" hits="1" branch="False" />
            <line number="138" hits="1" branch="False" />
            <line number="139" hits="1" branch="False" />
            <line number="140" hits="1" branch="False" />
            <line number="141" hits="1" branch="False" />
            <line number="143" hits="1" branch="True" condition-coverage="100% (2/2)">
              <conditions>
                <condition number="525" type="jump" coverage="100%" />
              </conditions>
            </line>
            <line number="144" hits="1" branch="False" />
            <line number="145" hits="5" branch="True" condition-coverage="100% (2/2)">
              <conditions>
                <condition number="812" type="jump" coverage="100%" />
              </conditions>
            </line>
            <line number="146" hits="1" branch="False" />
            <line number="147" hits="1" branch="True" condition-coverage="50% (7/14)">
              <conditions>
                <condition number="592" type="jump" coverage="50%" />
                <condition number="609" type="jump" coverage="50%" />
                <condition number="638" type="jump" coverage="50%" />
                <condition number="655" type="jump" coverage="50%" />
                <condition number="684" type="jump" coverage="50%" />
                <condition number="717" type="jump" coverage="50%" />
                <condition number="750" type="jump" coverage="50%" />
              </conditions>
            </line>
            <line number="148" hits="1" branch="False" />
            <line number="149" hits="1" branch="False" />
            <line number="150" hits="1" branch="False" />
            <line number="151" hits="1" branch="False" />
            <line number="152" hits="1" branch="False" />
            <line number="153" hits="1" branch="False" />
            <line number="154" hits="1" branch="False" />
            <line number="155" hits="1" branch="False" />
            <line number="156" hits="1" branch="False" />
            <line number="157" hits="1" branch="False" />
            <line number="158" hits="1" branch="False" />
            <line number="160" hits="1" branch="False" />
            <line number="162" hits="0" branch="False" />
            <line number="163" hits="0" branch="False" />
            <line number="164" hits="0" branch="False" />
            <line number="166" hits="2" branch="False" />
            <line number="169" hits="5" branch="False" />
            <line number="170" hits="5" branch="False" />
            <line number="171" hits="5" branch="False" />
            <line number="172" hits="5" branch="False" />
            <line number="173" hits="5" branch="False" />
            <line number="174" hits="5" branch="False" />
            <line number="175" hits="5" branch="False" />
            <line number="176" hits="5" branch="False" />
            <line number="177" hits="5" branch="False" />
            <line number="178" hits="5" branch="False" />
            <line number="179" hits="5" branch="False" />
            <line number="180" hits="5" branch="False" />
            <line number="181" hits="5" branch="False" />
            <line number="27" hits="16" branch="False" />
            <line number="28" hits="16" branch="False" />
            <line number="29" hits="16" branch="False" />
            <line number="30" hits="16" branch="False" />
            <line number="31" hits="16" branch="False" />
            <line number="32" hits="16" branch="False" />
            <line number="33" hits="16" branch="False" />
            <line number="20" hits="1" branch="False" />
            <line number="21" hits="1" branch="False" />
            <line number="22" hits="1" branch="False" />
            <line number="23" hits="1" branch="False" />
            <line number="24" hits="1" branch="False" />
            <line number="25" hits="1" branch="False" />
          </lines>
        </class>
        <class name="HardwareStore.Infrastructure.Services.NaturalLanguageService/&lt;ParseSearchQueryAsync&gt;d__6" filename="HardwareStore.Infrastructure/Services/NaturalLanguageService.cs" line-rate="1" branch-rate="1" complexity="4">
          <methods>
            <method name="MoveNext" signature="()" line-rate="1" branch-rate="1" complexity="4">
              <lines>
                <line number="49" hits="16" branch="False" />
                <line number="50" hits="16" branch="True" condition-coverage="100% (2/2)">
                  <conditions>
                    <condition number="31" type="jump" coverage="100%" />
                  </conditions>
                </line>
                <line number="51" hits="10" branch="False" />
                <line number="53" hits="6" branch="False" />
                <line number="55" hits="6" branch="True" condition-coverage="100% (2/2)">
                  <conditions>
                    <condition number="84" type="jump" coverage="100%" />
                  </conditions>
                </line>
                <line number="56" hits="3" branch="False" />
                <line number="58" hits="3" branch="False" />
                <line number="59" hits="6" branch="False" />
              </lines>
            </method>
          </methods>
          <lines>
            <line number="49" hits="16" branch="False" />
            <line number="50" hits="16" branch="True" condition-coverage="100% (2/2)">
              <conditions>
                <condition number="31" type="jump" coverage="100%" />
              </conditions>
            </line>
            <line number="51" hits="10" branch="False" />
            <line number="53" hits="6" branch="False" />
            <line number="55" hits="6" branch="True" condition-coverage="100% (2/2)">
              <conditions>
                <condition number="84" type="jump" coverage="100%" />
              </conditions>
            </line>
            <line number="56" hits="3" branch="False" />
            <line number="58" hits="3" branch="False" />
            <line number="59" hits="6" branch="False" />
          </lines>
        </class>
        <class name="HardwareStore.Infrastructure.Services.NaturalLanguageService/&lt;ParseWithOpenAiAsync&gt;d__7" filename="HardwareStore.Infrastructure/Services/NaturalLanguageService.cs" line-rate="1" branch-rate="0.75" complexity="4">
          <methods>
            <method name="MoveNext" signature="()" line-rate="1" branch-rate="0.75" complexity="4">
              <lines>
                <line number="62" hits="3" branch="False" />
                <line number="77" hits="3" branch="False" />
                <line number="78" hits="3" branch="False" />
                <line number="79" hits="3" branch="False" />
                <line number="80" hits="3" branch="False" />
                <line number="81" hits="3" branch="False" />
                <line number="82" hits="3" branch="False" />
                <line number="83" hits="3" branch="False" />
                <line number="84" hits="3" branch="False" />
                <line number="85" hits="3" branch="False" />
                <line number="86" hits="3" branch="False" />
                <line number="87" hits="3" branch="False" />
                <line number="89" hits="3" branch="False" />
                <line number="90" hits="3" branch="False" />
                <line number="92" hits="3" branch="False" />
                <line number="93" hits="3" branch="False" />
                <line number="95" hits="3" branch="True" condition-coverage="100% (2/2)">
                  <conditions>
                    <condition number="362" type="jump" coverage="100%" />
                  </conditions>
                </line>
                <line number="96" hits="1" branch="False" />
                <line number="98" hits="2" branch="False" />
                <line number="99" hits="2" branch="False" />
                <line number="100" hits="2" branch="True" condition-coverage="50% (1/2)">
                  <conditions>
                    <condition number="616" type="jump" coverage="50%" />
                  </conditions>
                </line>
                <line number="101" hits="2" branch="False" />
                <line number="102" hits="2" branch="False" />
                <line number="103" hits="2" branch="False" />
                <line number="104" hits="2" branch="False" />
                <line number="106" hits="2" branch="False" />
                <line number="107" hits="3" branch="False" />
              </lines>
            </method>
          </methods>
          <lines>
            <line number="62" hits="3" branch="False" />
            <line number="77" hits="3" branch="False" />
            <line number="78" hits="3" branch="False" />
            <line number="79" hits="3" branch="False" />
            <line number="80" hits="3" branch="False" />
            <line number="81" hits="3" branch="False" />
            <line number="82" hits="3" branch="False" />
            <line number="83" hits="3" branch="False" />
            <line number="84" hits="3" branch="False" />
            <line number="85" hits="3" branch="False" />
            <line number="86" hits="3" branch="False" />
            <line number="87" hits="3" branch="False" />
            <line number="89" hits="3" branch="False" />
            <line number="90" hits="3" branch="False" />
            <line number="92" hits="3" branch="False" />
            <line number="93" hits="3" branch="False" />
            <line number="95" hits="3" branch="True" condition-coverage="100% (2/2)">
              <conditions>
                <condition number="362" type="jump" coverage="100%" />
              </conditions>
            </line>
            <line number="96" hits="1" branch="False" />
            <line number="98" hits="2" branch="False" />
            <line number="99" hits="2" branch="False" />
            <line number="100" hits="2" branch="True" condition-coverage="50% (1/2)">
              <conditions>
                <condition number="616" type="jump" coverage="50%" />
              </conditions>
            </line>
            <line number="101" hits="2" branch="False" />
            <line number="102" hits="2" branch="False" />
            <line number="103" hits="2" branch="False" />
            <line number="104" hits="2" branch="False" />
            <line number="106" hits="2" branch="False" />
            <line number="107" hits="3" branch="False" />
          </lines>
        </class>
        <class name="HardwareStore.Infrastructure.Services.SearchBackgroundService" filename="HardwareStore.Infrastructure/Services/SearchBackgroundService.cs" line-rate="0.44439999999999996" branch-rate="1" complexity="3">
          <methods>
            <method name="EnqueueSearch" signature="(System.String)" line-rate="1" branch-rate="1" complexity="1">
              <lines>
                <line number="21" hits="1" branch="False" />
                <line number="22" hits="1" branch="False" />
                <line number="23" hits="1" branch="False" />
              </lines>
            </method>
            <method name=".ctor" signature="(System.IServiceProvider,Microsoft.Extensions.Logging.ILogger`1&lt;HardwareStore.Infrastructure.Services.SearchBackgroundService&gt;)" line-rate="0" branch-rate="1" complexity="1">
              <lines>
                <line number="14" hits="0" branch="False" />
                <line number="15" hits="0" branch="False" />
                <line number="16" hits="0" branch="False" />
                <line number="17" hits="0" branch="False" />
                <line number="18" hits="0" branch="False" />
              </lines>
            </method>
            <method name=".cctor" signature="()" line-rate="1" branch-rate="1" complexity="1">
              <lines>
                <line number="12" hits="1" branch="False" />
              </lines>
            </method>
          </methods>
          <lines>
            <line number="21" hits="1" branch="False" />
            <line number="22" hits="1" branch="False" />
            <line number="23" hits="1" branch="False" />
            <line number="14" hits="0" branch="False" />
            <line number="15" hits="0" branch="False" />
            <line number="16" hits="0" branch="False" />
            <line number="17" hits="0" branch="False" />
            <line number="18" hits="0" branch="False" />
            <line number="12" hits="1" branch="False" />
          </lines>
        </class>
        <class name="HardwareStore.Infrastructure.Services.SearchBackgroundService/&lt;ExecuteAsync&gt;d__5" filename="HardwareStore.Infrastructure/Services/SearchBackgroundService.cs" line-rate="0" branch-rate="0" complexity="4">
          <methods>
            <method name="MoveNext" signature="()" line-rate="0" branch-rate="0" complexity="4">
              <lines>
                <line number="26" hits="0" branch="False" />
                <line number="27" hits="0" branch="False" />
                <line number="29" hits="0" branch="True" condition-coverage="0% (0/2)">
                  <conditions>
                    <condition number="489" type="jump" coverage="0%" />
                  </conditions>
                </line>
                <line number="30" hits="0" branch="False" />
                <line number="31" hits="0" branch="True" condition-coverage="0% (0/2)">
                  <conditions>
                    <condition number="77" type="jump" coverage="0%" />
                  </conditions>
                </line>
                <line number="32" hits="0" branch="False" />
                <line number="33" hits="0" branch="False" />
                <line number="34" hits="0" branch="False" />
                <line number="37" hits="0" branch="False" />
                <line number="38" hits="0" branch="False" />
                <line number="39" hits="0" branch="False" />
                <line number="40" hits="0" branch="False" />
                <line number="41" hits="0" branch="False" />
                <line number="42" hits="0" branch="False" />
                <line number="43" hits="0" branch="False" />
                <line number="44" hits="0" branch="False" />
                <line number="46" hits="0" branch="False" />
                <line number="47" hits="0" branch="False" />
                <line number="48" hits="0" branch="False" />
                <line number="49" hits="0" branch="False" />
                <line number="50" hits="0" branch="False" />
              </lines>
            </method>
          </methods>
          <lines>
            <line number="26" hits="0" branch="False" />
            <line number="27" hits="0" branch="False" />
            <line number="29" hits="0" branch="True" condition-coverage="0% (0/2)">
              <conditions>
                <condition number="489" type="jump" coverage="0%" />
              </conditions>
            </line>
            <line number="30" hits="0" branch="False" />
            <line number="31" hits="0" branch="True" condition-coverage="0% (0/2)">
              <conditions>
                <condition number="77" type="jump" coverage="0%" />
              </conditions>
            </line>
            <line number="32" hits="0" branch="False" />
            <line number="33" hits="0" branch="False" />
            <line number="34" hits="0" branch="False" />
            <line number="37" hits="0" branch="False" />
            <line number="38" hits="0" branch="False" />
            <line number="39" hits="0" branch="False" />
            <line number="40" hits="0" branch="False" />
            <line number="41" hits="0" branch="False" />
            <line number="42" hits="0" branch="False" />
            <line number="43" hits="0" branch="False" />
            <line number="44" hits="0" branch="False" />
            <line number="46" hits="0" branch="False" />
            <line number="47" hits="0" branch="False" />
            <line number="48" hits="0" branch="False" />
            <line number="49" hits="0" branch="False" />
            <line number="50" hits="0" branch="False" />
          </lines>
        </class>
        <class name="HardwareStore.Infrastructure.Services.SearchJobService" filename="HardwareStore.Infrastructure/Services/SearchJobService.cs" line-rate="1" branch-rate="1" complexity="2">
          <methods>
            <method name="EnqueueSearchAsync" signature="(System.String)" line-rate="1" branch-rate="1" complexity="1">
              <lines>
                <line number="29" hits="1" branch="False" />
                <line number="30" hits="1" branch="False" />
                <line number="31" hits="1" branch="False" />
                <line number="32" hits="1" branch="False" />
              </lines>
            </method>
            <method name=".ctor" signature="(HardwareStore.Core.Interfaces.ISearchRepository,HardwareStore.Core.Interfaces.IReportRepository,HardwareStore.Core.Interfaces.IRetailerRepository,System.Collections.Generic.IEnumerable`1&lt;HardwareStore.Core.Interfaces.IRetailerSearchClient&gt;,Microsoft.Extensions.Logging.ILogger`1&lt;HardwareStore.Infrastructure.Services.SearchJobService&gt;)" line-rate="1" branch-rate="1" complexity="1">
              <lines>
                <line number="14" hits="10" branch="False" />
                <line number="15" hits="10" branch="False" />
                <line number="16" hits="10" branch="False" />
                <line number="17" hits="10" branch="False" />
                <line number="18" hits="10" branch="False" />
                <line number="19" hits="10" branch="False" />
                <line number="20" hits="10" branch="False" />
                <line number="21" hits="10" branch="False" />
                <line number="22" hits="10" branch="False" />
                <line number="23" hits="10" branch="False" />
                <line number="24" hits="10" branch="False" />
                <line number="25" hits="10" branch="False" />
                <line number="26" hits="10" branch="False" />
              </lines>
            </method>
          </methods>
          <lines>
            <line number="29" hits="1" branch="False" />
            <line number="30" hits="1" branch="False" />
            <line number="31" hits="1" branch="False" />
            <line number="32" hits="1" branch="False" />
            <line number="14" hits="10" branch="False" />
            <line number="15" hits="10" branch="False" />
            <line number="16" hits="10" branch="False" />
            <line number="17" hits="10" branch="False" />
            <line number="18" hits="10" branch="False" />
            <line number="19" hits="10" branch="False" />
            <line number="20" hits="10" branch="False" />
            <line number="21" hits="10" branch="False" />
            <line number="22" hits="10" branch="False" />
            <line number="23" hits="10" branch="False" />
            <line number="24" hits="10" branch="False" />
            <line number="25" hits="10" branch="False" />
            <line number="26" hits="10" branch="False" />
          </lines>
        </class>
        <class name="HardwareStore.Infrastructure.Services.SearchJobService/&lt;&gt;c" filename="HardwareStore.Infrastructure/Services/SearchJobService.cs" line-rate="1" branch-rate="0.5" complexity="9">
          <methods>
            <method name="&lt;ProcessSearchAsync&gt;b__7_0" signature="(HardwareStore.Core.Models.ProductSelection)" line-rate="1" branch-rate="1" complexity="1">
              <lines>
                <line number="49" hits="10" branch="False" />
              </lines>
            </method>
            <method name="&lt;ProcessSearchAsync&gt;b__7_1" signature="(HardwareStore.Core.Models.ProductSelection)" line-rate="1" branch-rate="1" complexity="1">
              <lines>
                <line number="50" hits="1" branch="False" />
              </lines>
            </method>
            <method name="&lt;ProcessSearchAsync&gt;b__7_8" signature="(HardwareStore.Core.Models.ProductComparison)" line-rate="1" branch-rate="1" complexity="1">
              <lines>
                <line number="104" hits="61" branch="False" />
              </lines>
            </method>
            <method name="&lt;ProcessSearchAsync&gt;b__7_10" signature="(HardwareStore.Core.Models.RetailerProductResult)" line-rate="1" branch-rate="0.5" complexity="2">
              <lines>
                <line number="108" hits="7" branch="True" condition-coverage="50% (1/2)">
                  <conditions>
                    <condition number="14" type="jump" coverage="50%" />
                  </conditions>
                </line>
              </lines>
            </method>
            <method name="&lt;ProcessSearchAsync&gt;b__7_3" signature="(HardwareStore.Core.Models.RetailerTotal)" line-rate="1" branch-rate="1" complexity="1">
              <lines>
                <line number="127" hits="9" branch="False" />
              </lines>
            </method>
            <method name="&lt;ProcessSearchAsync&gt;b__7_4" signature="(HardwareStore.Core.Models.RetailerTotal)" line-rate="1" branch-rate="1" complexity="1">
              <lines>
                <line number="128" hits="5" branch="False" />
              </lines>
            </method>
            <method name="&lt;ProcessSearchAsync&gt;b__7_5" signature="(HardwareStore.Core.Models.RetailerTotal)" line-rate="1" branch-rate="1" complexity="1">
              <lines>
                <line number="130" hits="3" branch="False" />
              </lines>
            </method>
            <method name="&lt;ProcessSearchAsync&gt;b__7_6" signature="(HardwareStore.Core.Models.RetailerTotal)" line-rate="1" branch-rate="1" complexity="1">
              <lines>
                <line number="131" hits="3" branch="False" />
              </lines>
            </method>
          </methods>
          <lines>
            <line number="49" hits="10" branch="False" />
            <line number="50" hits="1" branch="False" />
            <line number="104" hits="61" branch="False" />
            <line number="108" hits="7" branch="True" condition-coverage="50% (1/2)">
              <conditions>
                <condition number="14" type="jump" coverage="50%" />
              </conditions>
            </line>
            <line number="127" hits="9" branch="False" />
            <line number="128" hits="5" branch="False" />
            <line number="130" hits="3" branch="False" />
            <line number="131" hits="3" branch="False" />
          </lines>
        </class>
        <class name="HardwareStore.Infrastructure.Services.SearchJobService/&lt;&gt;c__DisplayClass7_0" filename="HardwareStore.Infrastructure/Services/SearchJobService.cs" line-rate="1" branch-rate="0.5" complexity="2">
          <methods>
            <method name="&lt;ProcessSearchAsync&gt;b__2" signature="(HardwareStore.Core.Models.Retailer)" line-rate="1" branch-rate="0.5" complexity="2">
              <lines>
                <line number="55" hits="9" branch="True" condition-coverage="50% (1/2)">
                  <conditions>
                    <condition number="22" type="jump" coverage="50%" />
                  </conditions>
                </line>
              </lines>
            </method>
          </methods>
          <lines>
            <line number="55" hits="9" branch="True" condition-coverage="50% (1/2)">
              <conditions>
                <condition number="22" type="jump" coverage="50%" />
              </conditions>
            </line>
          </lines>
        </class>
        <class name="HardwareStore.Infrastructure.Services.SearchJobService/&lt;&gt;c__DisplayClass7_1" filename="HardwareStore.Infrastructure/Services/SearchJobService.cs" line-rate="1" branch-rate="1" complexity="1">
          <methods>
            <method name="&lt;ProcessSearchAsync&gt;b__7" signature="(HardwareStore.Core.Interfaces.IRetailerSearchClient)" line-rate="1" branch-rate="1" complexity="1">
              <lines>
                <line number="77" hits="26" branch="False" />
              </lines>
            </method>
          </methods>
          <lines>
            <line number="77" hits="26" branch="False" />
          </lines>
        </class>
        <class name="HardwareStore.Infrastructure.Services.SearchJobService/&lt;&gt;c__DisplayClass7_2" filename="HardwareStore.Infrastructure/Services/SearchJobService.cs" line-rate="1" branch-rate="1" complexity="2">
          <methods>
            <method name="&lt;ProcessSearchAsync&gt;b__9" signature="(HardwareStore.Core.Models.RetailerProductResult)" line-rate="1" branch-rate="1" complexity="2">
              <lines>
                <line number="107" hits="12" branch="True" condition-coverage="100% (2/2)">
                  <conditions>
                    <condition number="22" type="jump" coverage="100%" />
                  </conditions>
                </line>
              </lines>
            </method>
          </methods>
          <lines>
            <line number="107" hits="12" branch="True" condition-coverage="100% (2/2)">
              <conditions>
                <condition number="22" type="jump" coverage="100%" />
              </conditions>
            </line>
          </lines>
        </class>
        <class name="HardwareStore.Infrastructure.Services.SearchJobService/&lt;ProcessSearchAsync&gt;d__7" filename="HardwareStore.Infrastructure/Services/SearchJobService.cs" line-rate="1" branch-rate="1" complexity="22">
          <methods>
            <method name="MoveNext" signature="()" line-rate="1" branch-rate="1" complexity="22">
              <lines>
                <line number="35" hits="9" branch="False" />
                <line number="36" hits="9" branch="False" />
                <line number="37" hits="9" branch="True" condition-coverage="100% (2/2)">
                  <conditions>
                    <condition number="224" type="jump" coverage="100%" />
                  </conditions>
                </line>
                <line number="38" hits="1" branch="False" />
                <line number="39" hits="1" branch="False" />
                <line number="40" hits="1" branch="False" />
                <line number="44" hits="8" branch="False" />
                <line number="45" hits="8" branch="False" />
                <line number="46" hits="8" branch="False" />
                <line number="48" hits="8" branch="False" />
                <line number="51" hits="8" branch="False" />
                <line number="53" hits="8" branch="False" />
                <line number="54" hits="7" branch="False" />
                <line number="56" hits="7" branch="False" />
                <line number="58" hits="7" branch="False" />
                <line number="59" hits="7" branch="False" />
                <line number="60" hits="7" branch="False" />
                <line number="61" hits="7" branch="False" />
                <line number="62" hits="7" branch="False" />
                <line number="63" hits="7" branch="False" />
                <line number="65" hits="39" branch="True" condition-coverage="100% (2/2)">
                  <conditions>
                    <condition number="1479" type="jump" coverage="100%" />
                  </conditions>
                </line>
                <line number="66" hits="9" branch="False" />
                <line number="67" hits="9" branch="False" />
                <line number="68" hits="9" branch="False" />
                <line number="69" hits="9" branch="False" />
                <line number="70" hits="9" branch="False" />
                <line number="71" hits="9" branch="False" />
                <line number="72" hits="9" branch="False" />
                <line number="73" hits="9" branch="False" />
                <line number="75" hits="51" branch="True" condition-coverage="100% (2/2)">
                  <conditions>
                    <condition number="1388" type="jump" coverage="100%" />
                  </conditions>
                </line>
                <line number="76" hits="12" branch="False" />
                <line number="78" hits="13" branch="True" condition-coverage="100% (2/2)">
                  <conditions>
                    <condition number="1081" type="jump" coverage="100%" />
                  </conditions>
                </line>
                <line number="81" hits="11" branch="False" />
                <line number="82" hits="11" branch="False" />
                <line number="83" hits="10" branch="False" />
                <line number="84" hits="10" branch="False" />
                <line number="85" hits="1" branch="False" />
                <line number="86" hits="1" branch="False" />
                <line number="87" hits="1" branch="False" />
                <line number="88" hits="1" branch="False" />
                <line number="89" hits="11" branch="False" />
                <line number="91" hits="9" branch="False" />
                <line number="92" hits="9" branch="False" />
                <line number="94" hits="39" branch="True" condition-coverage="100% (2/2)">
                  <conditions>
                    <condition number="2142" type="jump" coverage="100%" />
                  </conditions>
                </line>
                <line number="95" hits="9" branch="False" />
                <line number="96" hits="9" branch="False" />
                <line number="97" hits="9" branch="False" />
                <line number="98" hits="9" branch="False" />
                <line number="99" hits="9" branch="False" />
                <line number="100" hits="9" branch="False" />
                <line number="101" hits="9" branch="False" />
                <line number="102" hits="9" branch="False" />
                <line number="105" hits="11" branch="False" />
                <line number="106" hits="11" branch="True" condition-coverage="100% (2/2)">
                  <conditions>
                    <condition number="1757" type="jump" coverage="100%" />
                  </conditions>
                </line>
                <line number="109" hits="11" branch="False" />
                <line number="111" hits="11" branch="True" condition-coverage="100% (2/2)">
                  <conditions>
                    <condition number="1857" type="jump" coverage="100%" />
                  </conditions>
                </line>
                <line number="112" hits="7" branch="False" />
                <line number="113" hits="7" branch="False" />
                <line number="114" hits="7" branch="False" />
                <line number="115" hits="7" branch="False" />
                <line number="117" hits="4" branch="False" />
                <line number="118" hits="4" branch="False" />
                <line number="119" hits="4" branch="False" />
                <line number="120" hits="11" branch="False" />
                <line number="122" hits="9" branch="False" />
                <line number="123" hits="9" branch="False" />
                <line number="124" hits="9" branch="False" />
                <line number="126" hits="7" branch="True" condition-coverage="100% (2/2)">
                  <conditions>
                    <condition number="2279" type="jump" coverage="100%" />
                  </conditions>
                </line>
                <line number="129" hits="7" branch="False" />
                <line number="132" hits="7" branch="False" />
                <line number="134" hits="7" branch="True" condition-coverage="100% (2/2)">
                  <conditions>
                    <condition number="2393" type="jump" coverage="100%" />
                  </conditions>
                </line>
                <line number="135" hits="7" branch="False" />
                <line number="136" hits="7" branch="False" />
                <line number="137" hits="7" branch="False" />
                <line number="138" hits="7" branch="True" condition-coverage="100% (2/2)">
                  <conditions>
                    <condition number="2462" type="jump" coverage="100%" />
                  </conditions>
                </line>
                <line number="139" hits="7" branch="False" />
                <line number="140" hits="7" branch="False" />
                <line number="141" hits="7" branch="False" />
                <line number="143" hits="7" branch="False" />
                <line number="145" hits="7" branch="False" />
                <line number="146" hits="7" branch="False" />
                <line number="147" hits="7" branch="False" />
                <line number="148" hits="7" branch="False" />
                <line number="150" hits="7" branch="False" />
                <line number="151" hits="7" branch="False" />
                <line number="152" hits="1" branch="False" />
                <line number="153" hits="1" branch="False" />
                <line number="154" hits="1" branch="False" />
                <line number="155" hits="1" branch="False" />
                <line number="156" hits="1" branch="False" />
                <line number="157" hits="1" branch="False" />
                <line number="158" hits="1" branch="False" />
                <line number="159" hits="9" branch="False" />
              </lines>
            </method>
          </methods>
          <lines>
            <line number="35" hits="9" branch="False" />
            <line number="36" hits="9" branch="False" />
            <line number="37" hits="9" branch="True" condition-coverage="100% (2/2)">
              <conditions>
                <condition number="224" type="jump" coverage="100%" />
              </conditions>
            </line>
            <line number="38" hits="1" branch="False" />
            <line number="39" hits="1" branch="False" />
            <line number="40" hits="1" branch="False" />
            <line number="44" hits="8" branch="False" />
            <line number="45" hits="8" branch="False" />
            <line number="46" hits="8" branch="False" />
            <line number="48" hits="8" branch="False" />
            <line number="51" hits="8" branch="False" />
            <line number="53" hits="8" branch="False" />
            <line number="54" hits="7" branch="False" />
            <line number="56" hits="7" branch="False" />
            <line number="58" hits="7" branch="False" />
            <line number="59" hits="7" branch="False" />
            <line number="60" hits="7" branch="False" />
            <line number="61" hits="7" branch="False" />
            <line number="62" hits="7" branch="False" />
            <line number="63" hits="7" branch="False" />
            <line number="65" hits="39" branch="True" condition-coverage="100% (2/2)">
              <conditions>
                <condition number="1479" type="jump" coverage="100%" />
              </conditions>
            </line>
            <line number="66" hits="9" branch="False" />
            <line number="67" hits="9" branch="False" />
            <line number="68" hits="9" branch="False" />
            <line number="69" hits="9" branch="False" />
            <line number="70" hits="9" branch="False" />
            <line number="71" hits="9" branch="False" />
            <line number="72" hits="9" branch="False" />
            <line number="73" hits="9" branch="False" />
            <line number="75" hits="51" branch="True" condition-coverage="100% (2/2)">
              <conditions>
                <condition number="1388" type="jump" coverage="100%" />
              </conditions>
            </line>
            <line number="76" hits="12" branch="False" />
            <line number="78" hits="13" branch="True" condition-coverage="100% (2/2)">
              <conditions>
                <condition number="1081" type="jump" coverage="100%" />
              </conditions>
            </line>
            <line number="81" hits="11" branch="False" />
            <line number="82" hits="11" branch="False" />
            <line number="83" hits="10" branch="False" />
            <line number="84" hits="10" branch="False" />
            <line number="85" hits="1" branch="False" />
            <line number="86" hits="1" branch="False" />
            <line number="87" hits="1" branch="False" />
            <line number="88" hits="1" branch="False" />
            <line number="89" hits="11" branch="False" />
            <line number="91" hits="9" branch="False" />
            <line number="92" hits="9" branch="False" />
            <line number="94" hits="39" branch="True" condition-coverage="100% (2/2)">
              <conditions>
                <condition number="2142" type="jump" coverage="100%" />
              </conditions>
            </line>
            <line number="95" hits="9" branch="False" />
            <line number="96" hits="9" branch="False" />
            <line number="97" hits="9" branch="False" />
            <line number="98" hits="9" branch="False" />
            <line number="99" hits="9" branch="False" />
            <line number="100" hits="9" branch="False" />
            <line number="101" hits="9" branch="False" />
            <line number="102" hits="9" branch="False" />
            <line number="105" hits="11" branch="False" />
            <line number="106" hits="11" branch="True" condition-coverage="100% (2/2)">
              <conditions>
                <condition number="1757" type="jump" coverage="100%" />
              </conditions>
            </line>
            <line number="109" hits="11" branch="False" />
            <line number="111" hits="11" branch="True" condition-coverage="100% (2/2)">
              <conditions>
                <condition number="1857" type="jump" coverage="100%" />
              </conditions>
            </line>
            <line number="112" hits="7" branch="False" />
            <line number="113" hits="7" branch="False" />
            <line number="114" hits="7" branch="False" />
            <line number="115" hits="7" branch="False" />
            <line number="117" hits="4" branch="False" />
            <line number="118" hits="4" branch="False" />
            <line number="119" hits="4" branch="False" />
            <line number="120" hits="11" branch="False" />
            <line number="122" hits="9" branch="False" />
            <line number="123" hits="9" branch="False" />
            <line number="124" hits="9" branch="False" />
            <line number="126" hits="7" branch="True" condition-coverage="100% (2/2)">
              <conditions>
                <condition number="2279" type="jump" coverage="100%" />
              </conditions>
            </line>
            <line number="129" hits="7" branch="False" />
            <line number="132" hits="7" branch="False" />
            <line number="134" hits="7" branch="True" condition-coverage="100% (2/2)">
              <conditions>
                <condition number="2393" type="jump" coverage="100%" />
              </conditions>
            </line>
            <line number="135" hits="7" branch="False" />
            <line number="136" hits="7" branch="False" />
            <line number="137" hits="7" branch="False" />
            <line number="138" hits="7" branch="True" condition-coverage="100% (2/2)">
              <conditions>
                <condition number="2462" type="jump" coverage="100%" />
              </conditions>
            </line>
            <line number="139" hits="7" branch="False" />
            <line number="140" hits="7" branch="False" />
            <line number="141" hits="7" branch="False" />
            <line number="143" hits="7" branch="False" />
            <line number="145" hits="7" branch="False" />
            <line number="146" hits="7" branch="False" />
            <line number="147" hits="7" branch="False" />
            <line number="148" hits="7" branch="False" />
            <line number="150" hits="7" branch="False" />
            <line number="151" hits="7" branch="False" />
            <line number="152" hits="1" branch="False" />
            <line number="153" hits="1" branch="False" />
            <line number="154" hits="1" branch="False" />
            <line number="155" hits="1" branch="False" />
            <line number="156" hits="1" branch="False" />
            <line number="157" hits="1" branch="False" />
            <line number="158" hits="1" branch="False" />
            <line number="159" hits="9" branch="False" />
          </lines>
        </class>
        <class name="HardwareStore.Infrastructure.RetailerClients.HomeDepotClient" filename="HardwareStore.Infrastructure/RetailerClients/HomeDepotClient.cs" line-rate="0" branch-rate="1" complexity="5">
          <methods>
            <method name="get_RetailerId" signature="()" line-rate="0" branch-rate="1" complexity="1">
              <lines>
                <line number="10" hits="0" branch="False" />
              </lines>
            </method>
            <method name="get_RetailerName" signature="()" line-rate="0" branch-rate="1" complexity="1">
              <lines>
                <line number="11" hits="0" branch="False" />
              </lines>
            </method>
            <method name="GetMockResultsAsync" signature="(System.String,System.String,System.String,System.String)" line-rate="0" branch-rate="1" complexity="1">
              <lines>
                <line number="38" hits="0" branch="False" />
                <line number="39" hits="0" branch="False" />
                <line number="40" hits="0" branch="False" />
                <line number="41" hits="0" branch="False" />
                <line number="42" hits="0" branch="False" />
                <line number="43" hits="0" branch="False" />
                <line number="44" hits="0" branch="False" />
                <line number="45" hits="0" branch="False" />
                <line number="46" hits="0" branch="False" />
                <line number="47" hits="0" branch="False" />
                <line number="48" hits="0" branch="False" />
                <line number="49" hits="0" branch="False" />
                <line number="50" hits="0" branch="False" />
                <line number="51" hits="0" branch="False" />
                <line number="52" hits="0" branch="False" />
                <line number="53" hits="0" branch="False" />
                <line number="54" hits="0" branch="False" />
                <line number="55" hits="0" branch="False" />
                <line number="56" hits="0" branch="False" />
                <line number="57" hits="0" branch="False" />
                <line number="58" hits="0" branch="False" />
                <line number="59" hits="0" branch="False" />
                <line number="60" hits="0" branch="False" />
                <line number="61" hits="0" branch="False" />
                <line number="62" hits="0" branch="False" />
                <line number="63" hits="0" branch="False" />
                <line number="64" hits="0" branch="False" />
                <line number="65" hits="0" branch="False" />
                <line number="66" hits="0" branch="False" />
                <line number="67" hits="0" branch="False" />
                <line number="68" hits="0" branch="False" />
                <line number="69" hits="0" branch="False" />
                <line number="70" hits="0" branch="False" />
                <line number="71" hits="0" branch="False" />
                <line number="72" hits="0" branch="False" />
                <line number="73" hits="0" branch="False" />
              </lines>
            </method>
            <method name="GetMockPrice" signature="(System.String,System.Decimal)" line-rate="0" branch-rate="1" complexity="1">
              <lines>
                <line number="76" hits="0" branch="False" />
                <line number="77" hits="0" branch="False" />
                <line number="78" hits="0" branch="False" />
                <line number="79" hits="0" branch="False" />
              </lines>
            </method>
            <method name=".ctor" signature="(System.Net.Http.IHttpClientFactory)" line-rate="0" branch-rate="1" complexity="1">
              <lines>
                <line number="13" hits="0" branch="False" />
                <line number="14" hits="0" branch="False" />
                <line number="15" hits="0" branch="False" />
                <line number="16" hits="0" branch="False" />
                <line number="17" hits="0" branch="False" />
                <line number="18" hits="0" branch="False" />
                <line number="19" hits="0" branch="False" />
                <line number="20" hits="0" branch="False" />
              </lines>
            </method>
          </methods>
          <lines>
            <line number="10" hits="0" branch="False" />
            <line number="11" hits="0" branch="False" />
            <line number="38" hits="0" branch="False" />
            <line number="39" hits="0" branch="False" />
            <line number="40" hits="0" branch="False" />
            <line number="41" hits="0" branch="False" />
            <line number="42" hits="0" branch="False" />
            <line number="43" hits="0" branch="False" />
            <line number="44" hits="0" branch="False" />
            <line number="45" hits="0" branch="False" />
            <line number="46" hits="0" branch="False" />
            <line number="47" hits="0" branch="False" />
            <line number="48" hits="0" branch="False" />
            <line number="49" hits="0" branch="False" />
            <line number="50" hits="0" branch="False" />
            <line number="51" hits="0" branch="False" />
            <line number="52" hits="0" branch="False" />
            <line number="53" hits="0" branch="False" />
            <line number="54" hits="0" branch="False" />
            <line number="55" hits="0" branch="False" />
            <line number="56" hits="0" branch="False" />
            <line number="57" hits="0" branch="False" />
            <line number="58" hits="0" branch="False" />
            <line number="59" hits="0" branch="False" />
            <line number="60" hits="0" branch="False" />
            <line number="61" hits="0" branch="False" />
            <line number="62" hits="0" branch="False" />
            <line number="63" hits="0" branch="False" />
            <line number="64" hits="0" branch="False" />
            <line number="65" hits="0" branch="False" />
            <line number="66" hits="0" branch="False" />
            <line number="67" hits="0" branch="False" />
            <line number="68" hits="0" branch="False" />
            <line number="69" hits="0" branch="False" />
            <line number="70" hits="0" branch="False" />
            <line number="71" hits="0" branch="False" />
            <line number="72" hits="0" branch="False" />
            <line number="73" hits="0" branch="False" />
            <line number="76" hits="0" branch="False" />
            <line number="77" hits="0" branch="False" />
            <line number="78" hits="0" branch="False" />
            <line number="79" hits="0" branch="False" />
            <line number="13" hits="0" branch="False" />
            <line number="14" hits="0" branch="False" />
            <line number="15" hits="0" branch="False" />
            <line number="16" hits="0" branch="False" />
            <line number="17" hits="0" branch="False" />
            <line number="18" hits="0" branch="False" />
            <line number="19" hits="0" branch="False" />
            <line number="20" hits="0" branch="False" />
          </lines>
        </class>
        <class name="HardwareStore.Infrastructure.RetailerClients.HomeDepotClient/&lt;SearchProductAsync&gt;d__6" filename="HardwareStore.Infrastructure/RetailerClients/HomeDepotClient.cs" line-rate="0" branch-rate="1" complexity="1">
          <methods>
            <method name="MoveNext" signature="()" line-rate="0" branch-rate="1" complexity="1">
              <lines>
                <line number="23" hits="0" branch="False" />
                <line number="24" hits="0" branch="False" />
                <line number="26" hits="0" branch="False" />
                <line number="27" hits="0" branch="False" />
                <line number="28" hits="0" branch="False" />
                <line number="29" hits="0" branch="False" />
                <line number="30" hits="0" branch="False" />
                <line number="32" hits="0" branch="False" />
                <line number="33" hits="0" branch="False" />
                <line number="34" hits="0" branch="False" />
              </lines>
            </method>
          </methods>
          <lines>
            <line number="23" hits="0" branch="False" />
            <line number="24" hits="0" branch="False" />
            <line number="26" hits="0" branch="False" />
            <line number="27" hits="0" branch="False" />
[...]
            <line number="15" hits="7" branch="False" />
          </lines>
        </class>
        <class name="HardwareStore.Core.Models.ProductComparison" filename="HardwareStore.Core/Models/SearchReport.cs" line-rate="1" branch-rate="1" complexity="5">
          <methods>
            <method name="get_ProductSelectionId" signature="()" line-rate="1" branch-rate="1" complexity="1">
              <lines>
                <line number="20" hits="18" branch="False" />
              </lines>
            </method>
            <method name="get_ProductName" signature="()" line-rate="1" branch-rate="1" complexity="1">
              <lines>
                <line number="21" hits="18" branch="False" />
              </lines>
            </method>
            <method name="get_SearchTerm" signature="()" line-rate="1" branch-rate="1" complexity="1">
              <lines>
                <line number="22" hits="18" branch="False" />
              </lines>
            </method>
            <method name="get_IsAdditional" signature="()" line-rate="1" branch-rate="1" complexity="1">
              <lines>
                <line number="23" hits="21" branch="False" />
              </lines>
            </method>
            <method name="get_RetailerResults" signature="()" line-rate="1" branch-rate="1" complexity="1">
              <lines>
                <line number="24" hits="31" branch="False" />
              </lines>
            </method>
          </methods>
          <lines>
            <line number="20" hits="18" branch="False" />
            <line number="21" hits="18" branch="False" />
            <line number="22" hits="18" branch="False" />
            <line number="23" hits="21" branch="False" />
            <line number="24" hits="31" branch="False" />
          </lines>
        </class>
        <class name="HardwareStore.Core.Models.RetailerProductResult" filename="HardwareStore.Core/Models/SearchReport.cs" line-rate="0.5714" branch-rate="1" complexity="14">
          <methods>
            <method name="get_RetailerId" signature="()" line-rate="1" branch-rate="1" complexity="1">
              <lines>
                <line number="29" hits="26" branch="False" />
              </lines>
            </method>
            <method name="get_RetailerName" signature="()" line-rate="1" branch-rate="1" complexity="1">
              <lines>
                <line number="30" hits="8" branch="False" />
              </lines>
            </method>
            <method name="get_ProductTitle" signature="()" line-rate="1" branch-rate="1" complexity="1">
              <lines>
                <line number="31" hits="7" branch="False" />
              </lines>
            </method>
            <method name="get_ProductUrl" signature="()" line-rate="1" branch-rate="1" complexity="1">
              <lines>
                <line number="32" hits="7" branch="False" />
              </lines>
            </method>
            <method name="get_ImageUrl" signature="()" line-rate="0" branch-rate="1" complexity="1">
              <lines>
                <line number="33" hits="0" branch="False" />
              </lines>
            </method>
            <method name="get_Price" signature="()" line-rate="1" branch-rate="1" complexity="1">
              <lines>
                <line number="34" hits="21" branch="False" />
              </lines>
            </method>
            <method name="get_PriceDisplay" signature="()" line-rate="1" branch-rate="1" complexity="1">
              <lines>
                <line number="35" hits="7" branch="False" />
              </lines>
            </method>
            <method name="get_PackageSize" signature="()" line-rate="0" branch-rate="1" complexity="1">
              <lines>
                <line number="36" hits="0" branch="False" />
              </lines>
            </method>
            <method name="get_QuantityInPackage" signature="()" line-rate="0" branch-rate="1" complexity="1">
              <lines>
                <line number="37" hits="0" branch="False" />
              </lines>
            </method>
            <method name="get_Unit" signature="()" line-rate="0" branch-rate="1" complexity="1">
              <lines>
                <line number="38" hits="0" branch="False" />
              </lines>
            </method>
            <method name="get_NormalizedPrice" signature="()" line-rate="1" branch-rate="1" complexity="1">
              <lines>
                <line number="39" hits="7" branch="False" />
              </lines>
            </method>
            <method name="get_NormalizedPriceDisplay" signature="()" line-rate="0" branch-rate="1" complexity="1">
              <lines>
                <line number="40" hits="0" branch="False" />
              </lines>
            </method>
            <method name="get_IsAvailable" signature="()" line-rate="1" branch-rate="1" complexity="1">
              <lines>
                <line number="41" hits="21" branch="False" />
              </lines>
            </method>
            <method name="get_Sku" signature="()" line-rate="0" branch-rate="1" complexity="1">
              <lines>
                <line number="42" hits="0" branch="False" />
              </lines>
            </method>
          </methods>
          <lines>
            <line number="29" hits="26" branch="False" />
            <line number="30" hits="8" branch="False" />
            <line number="31" hits="7" branch="False" />
            <line number="32" hits="7" branch="False" />
            <line number="33" hits="0" branch="False" />
            <line number="34" hits="21" branch="False" />
            <line number="35" hits="7" branch="False" />
            <line number="36" hits="0" branch="False" />
            <line number="37" hits="0" branch="False" />
            <line number="38" hits="0" branch="False" />
            <line number="39" hits="7" branch="False" />
            <line number="40" hits="0" branch="False" />
            <line number="41" hits="21" branch="False" />
            <line number="42" hits="0" branch="False" />
          </lines>
        </class>
        <class name="HardwareStore.Core.Models.RetailerTotal" filename="HardwareStore.Core/Models/SearchReport.cs" line-rate="1" branch-rate="1" complexity="6">
          <methods>
            <method name="get_RetailerId" signature="()" line-rate="1" branch-rate="1" complexity="1">
              <lines>
                <line number="47" hits="25" branch="False" />
              </lines>
            </method>
            <method name="get_RetailerName" signature="()" line-rate="1" branch-rate="1" complexity="1">
              <lines>
                <line number="48" hits="32" branch="False" />
              </lines>
            </method>
            <method name="get_TotalPrice" signature="()" line-rate="1" branch-rate="1" complexity="1">
              <lines>
                <line number="49" hits="31" branch="False" />
              </lines>
            </method>
            <method name="get_TotalPriceDisplay" signature="()" line-rate="1" branch-rate="1" complexity="1">
              <lines>
                <line number="50" hits="25" branch="False" />
              </lines>
            </method>
            <method name="get_ProductsFound" signature="()" line-rate="1" branch-rate="1" complexity="1">
              <lines>
                <line number="51" hits="27" branch="False" />
              </lines>
            </method>
            <method name="get_ProductsNotFound" signature="()" line-rate="1" branch-rate="1" complexity="1">
              <lines>
                <line number="52" hits="34" branch="False" />
              </lines>
            </method>
          </methods>
          <lines>
            <line number="47" hits="25" branch="False" />
            <line number="48" hits="32" branch="False" />
            <line number="49" hits="31" branch="False" />
            <line number="50" hits="25" branch="False" />
            <line number="51" hits="27" branch="False" />
            <line number="52" hits="34" branch="False" />
          </lines>
        </class>
        <class name="HardwareStore.Core.Models.SearchRequest" filename="HardwareStore.Core/Models/SearchRequest.cs" line-rate="1" branch-rate="1" complexity="12">
          <methods>
            <method name="get_Id" signature="()" line-rate="1" branch-rate="1" complexity="1">
              <lines>
                <line number="7" hits="16" branch="False" />
              </lines>
            </method>
            <method name="get_UserId" signature="()" line-rate="1" branch-rate="1" complexity="1">
              <lines>
                <line number="8" hits="23" branch="False" />
              </lines>
            </method>
            <method name="get_NaturalLanguageQuery" signature="()" line-rate="1" branch-rate="1" complexity="1">
              <lines>
                <line number="9" hits="23" branch="False" />
              </lines>
            </method>
            <method name="get_SelectedProducts" signature="()" line-rate="1" branch-rate="1" complexity="1">
              <lines>
                <line number="10" hits="25" branch="False" />
              </lines>
            </method>
            <method name="get_AdditionalItems" signature="()" line-rate="1" branch-rate="1" complexity="1">
              <lines>
                <line number="11" hits="24" branch="False" />
              </lines>
            </method>
            <method name="get_SelectedRetailerIds" signature="()" line-rate="1" branch-rate="1" complexity="1">
              <lines>
                <line number="12" hits="25" branch="False" />
              </lines>
            </method>
            <method name="get_Status" signature="()" line-rate="1" branch-rate="1" complexity="1">
              <lines>
                <line number="13" hits="35" branch="False" />
              </lines>
            </method>
            <method name="get_ReportId" signature="()" line-rate="1" branch-rate="1" complexity="1">
              <lines>
                <line number="14" hits="8" branch="False" />
              </lines>
            </method>
            <method name="get_ErrorMessage" signature="()" line-rate="1" branch-rate="1" complexity="1">
              <lines>
                <line number="15" hits="2" branch="False" />
              </lines>
            </method>
            <method name="get_CreatedAt" signature="()" line-rate="1" branch-rate="1" complexity="1">
              <lines>
                <line number="16" hits="8" branch="False" />
              </lines>
            </method>
            <method name="get_CompletedAt" signature="()" line-rate="1" branch-rate="1" complexity="1">
              <lines>
                <line number="17" hits="8" branch="False" />
              </lines>
            </method>
            <method name="get_DocumentType" signature="()" line-rate="1" branch-rate="1" complexity="1">
              <lines>
                <line number="18" hits="8" branch="False" />
              </lines>
            </method>
          </methods>
          <lines>
            <line number="7" hits="16" branch="False" />
            <line number="8" hits="23" branch="False" />
            <line number="9" hits="23" branch="False" />
            <line number="10" hits="25" branch="False" />
            <line number="11" hits="24" branch="False" />
            <line number="12" hits="25" branch="False" />
            <line number="13" hits="35" branch="False" />
            <line number="14" hits="8" branch="False" />
            <line number="15" hits="2" branch="False" />
            <line number="16" hits="8" branch="False" />
            <line number="17" hits="8" branch="False" />
            <line number="18" hits="8" branch="False" />
          </lines>
        </class>
        <class name="HardwareStore.Core.Models.ProductSelection" filename="HardwareStore.Core/Models/SearchRequest.cs" line-rate="1" branch-rate="1" complexity="8">
          <methods>
            <method name="get_Id" signature="()" line-rate="1" branch-rate="1" complexity="1">
              <lines>
                <line number="23" hits="40" branch="False" />
              </lines>
            </method>
            <method name="get_Name" signature="()" line-rate="1" branch-rate="1" complexity="1">
              <lines>
                <line number="24" hits="50" branch="False" />
              </lines>
            </method>
            <method name="get_SearchTerm" signature="()" line-rate="1" branch-rate="1" complexity="1">
              <lines>
                <line number="25" hits="61" branch="False" />
              </lines>
            </method>
            <method name="get_Category" signature="()" line-rate="1" branch-rate="1" complexity="1">
              <lines>
                <line number="26" hits="2" branch="False" />
              </lines>
            </method>
            <method name="get_IsSelected" signature="()" line-rate="1" branch-rate="1" complexity="1">
              <lines>
                <line number="27" hits="51" branch="False" />
              </lines>
            </method>
            <method name="get_IsAdditional" signature="()" line-rate="1" branch-rate="1" complexity="1">
              <lines>
                <line number="28" hits="32" branch="False" />
              </lines>
            </method>
            <method name="get_Unit" signature="()" line-rate="1" branch-rate="1" complexity="1">
              <lines>
                <line number="29" hits="2" branch="False" />
              </lines>
            </method>
            <method name="get_Quantity" signature="()" line-rate="1" branch-rate="1" complexity="1">
              <lines>
                <line number="30" hits="2" branch="False" />
              </lines>
            </method>
          </methods>
          <lines>
            <line number="23" hits="40" branch="False" />
            <line number="24" hits="50" branch="False" />
            <line number="25" hits="61" branch="False" />
            <line number="26" hits="2" branch="False" />
            <line number="27" hits="51" branch="False" />
            <line number="28" hits="32" branch="False" />
            <line number="29" hits="2" branch="False" />
            <line number="30" hits="2" branch="False" />
          </lines>
        </class>
        <class name="HardwareStore.Core.Models.User" filename="HardwareStore.Core/Models/User.cs" line-rate="0.8571" branch-rate="1" complexity="14">
          <methods>
            <method name="get_Id" signature="()" line-rate="1" branch-rate="1" complexity="1">
              <lines>
                <line number="8" hits="5" branch="False" />
              </lines>
            </method>
            <method name="get_Email" signature="()" line-rate="1" branch-rate="1" complexity="1">
              <lines>
                <line number="9" hits="5" branch="False" />
              </lines>
            </method>
            <method name="get_DisplayName" signature="()" line-rate="1" branch-rate="1" complexity="1">
              <lines>
                <line number="10" hits="5" branch="False" />
              </lines>
            </method>
            <method name="get_PasswordHash" signature="()" line-rate="1" branch-rate="1" complexity="1">
              <lines>
                <line number="11" hits="5" branch="False" />
              </lines>
            </method>
            <method name="get_Role" signature="()" line-rate="1" branch-rate="1" complexity="1">
              <lines>
                <line number="12" hits="5" branch="False" />
              </lines>
            </method>
            <method name="get_Status" signature="()" line-rate="1" branch-rate="1" complexity="1">
              <lines>
                <line number="13" hits="5" branch="False" />
              </lines>
            </method>
            <method name="get_DailySearchLimit" signature="()" line-rate="1" branch-rate="1" complexity="1">
              <lines>
                <line number="14" hits="13" branch="False" />
              </lines>
            </method>
            <method name="get_SearchesUsedToday" signature="()" line-rate="1" branch-rate="1" complexity="1">
              <lines>
                <line number="15" hits="22" branch="False" />
              </lines>
            </method>
            <method name="get_SearchLimitResetDate" signature="()" line-rate="1" branch-rate="1" complexity="1">
              <lines>
                <line number="16" hits="17" branch="False" />
              </lines>
            </method>
            <method name="get_AllowedRetailerIds" signature="()" line-rate="1" branch-rate="1" complexity="1">
              <lines>
                <line number="17" hits="5" branch="False" />
              </lines>
            </method>
            <method name="get_CreatedAt" signature="()" line-rate="1" branch-rate="1" complexity="1">
              <lines>
                <line number="18" hits="5" branch="False" />
              </lines>
            </method>
            <method name="get_ApprovedAt" signature="()" line-rate="0" branch-rate="1" complexity="1">
              <lines>
                <line number="19" hits="0" branch="False" />
              </lines>
            </method>
            <method name="get_ApprovedBy" signature="()" line-rate="0" branch-rate="1" complexity="1">
              <lines>
                <line number="20" hits="0" branch="False" />
              </lines>
            </method>
            <method name="get_DocumentType" signature="()" line-rate="1" branch-rate="1" complexity="1">
              <lines>
                <line number="21" hits="5" branch="False" />
              </lines>
            </method>
          </methods>
          <lines>
            <line number="8" hits="5" branch="False" />
            <line number="9" hits="5" branch="False" />
            <line number="10" hits="5" branch="False" />
            <line number="11" hits="5" branch="False" />
            <line number="12" hits="5" branch="False" />
            <line number="13" hits="5" branch="False" />
            <line number="14" hits="13" branch="False" />
            <line number="15" hits="22" branch="False" />
            <line number="16" hits="17" branch="False" />
            <line number="17" hits="5" branch="False" />
            <line number="18" hits="5" branch="False" />
            <line number="19" hits="0" branch="False" />
            <line number="20" hits="0" branch="False" />
            <line number="21" hits="5" branch="False" />
          </lines>
        </class>
        <class name="HardwareStore.Core.Interfaces.NaturalLanguageSearchResult" filename="HardwareStore.Core/Interfaces/INaturalLanguageService.cs" line-rate="1" branch-rate="1" complexity="3">
          <methods>
            <method name="get_SuggestedProducts" signature="()" line-rate="1" branch-rate="1" complexity="1">
              <lines>
                <line number="11" hits="22" branch="False" />
              </lines>
            </method>
            <method name="get_AdditionalItems" signature="()" line-rate="1" branch-rate="1" complexity="1">
              <lines>
                <line number="12" hits="10" branch="False" />
              </lines>
            </method>
            <method name="get_Summary" signature="()" line-rate="1" branch-rate="1" complexity="1">
              <lines>
                <line number="13" hits="20" branch="False" />
              </lines>
            </method>
          </methods>
          <lines>
            <line number="11" hits="22" branch="False" />
            <line number="12" hits="10" branch="False" />
            <line number="13" hits="20" branch="False" />
          </lines>
        </class>
      </classes>
    </package>
  </packages>
</coverage>